<?xml version="1.0" encoding="UTF-8"?>
<testsuite name="NumberParserTest" tests="1" skipped="0" failures="0" errors="0" timestamp="2019-10-25T10:36:06" hostname="ROBELs-MBP" time="0.001">
  <properties/>
  <testcase name="testNumberParser" classname="NumberParserTest" time="0.001"/>
  <system-out><![CDATA[]]></system-out>
  <system-err><![CDATA[]]></system-err>
</testsuite>
